#
# A fatal error has been detected by the Java Runtime Environment:
#
#  Internal Error (classFileParser.cpp:3494), pid=10520, tid=139661745088256
#  Error: ShouldNotReachHere()
#
# JRE version: 6.0_27-b27
# Java VM: OpenJDK 64-Bit Server VM (20.0-b12 mixed mode linux-amd64 compressed oops)
# Derivative: IcedTea6 1.12.3
# Distribution: Ubuntu 12.04 LTS, package 6b27-1.12.3-0ubuntu1~12.04.1
# If you would like to submit a bug report, please include
# instructions how to reproduce the bug and visit:
#   https://bugs.launchpad.net/ubuntu/+source/openjdk-6/
#

---------------  T H R E A D  ---------------

Current thread (0x00007f0580007800):  JavaThread "Unknown thread" [_thread_in_vm, id=10526, stack(0x00007f0588a46000,0x00007f0588b47000)]

Stack: [0x00007f0588a46000,0x00007f0588b47000],  sp=0x00007f0588b45080,  free space=1020k
Native frames: (J=compiled Java code, j=interpreted, Vv=VM code, C=native code)
V  [libjvm.so+0x784725]  VMError::report(outputStream*)+0x1255
V  [libjvm.so+0x7849a9]  VMError::report_and_die()+0x169
V  [libjvm.so+0x3bb66a]  report_vm_error(char const*, int, char const*, char const*)+0x4a
V  [libjvm.so+0x351a05]  ClassFileParser::parseClassFile(symbolHandle, Handle, Handle, KlassHandle, GrowableArray<Handle>*, symbolHandle&, bool, Thread*)+0x1545
V  [libjvm.so+0x355c63]  ClassLoader::load_classfile(symbolHandle, Thread*)+0x1f3
V  [libjvm.so+0x71c8d4]  SystemDictionary::load_instance_class(symbolHandle, Handle, Thread*)+0x354
V  [libjvm.so+0x71afe0]  SystemDictionary::resolve_instance_class_or_null(symbolHandle, Handle, Handle, Thread*)+0x7c0
V  [libjvm.so+0x71cf63]  SystemDictionary::resolve_or_fail(symbolHandle, Handle, Handle, bool, Thread*)+0x33
V  [libjvm.so+0x71d044]  SystemDictionary::resolve_or_fail(symbolHandle, bool, Thread*)+0x14
V  [libjvm.so+0x71d0f0]  SystemDictionary::initialize_wk_klass(SystemDictionary::WKID, int, Thread*)+0xa0
V  [libjvm.so+0x71d159]  SystemDictionary::initialize_wk_klasses_until(SystemDictionary::WKID, SystemDictionary::WKID&, Thread*)+0x59
V  [libjvm.so+0x71d251]  SystemDictionary::initialize_preloaded_classes(Thread*)+0x71
V  [libjvm.so+0x760adf]  Universe::genesis(Thread*)+0x11f
V  [libjvm.so+0x76148f]  universe2_init()+0x1f
V  [libjvm.so+0x4746f5]  init_globals()+0x95
V  [libjvm.so+0x74b40a]  Threads::create_vm(JavaVMInitArgs*, bool*)+0x1ea
V  [libjvm.so+0x4ce551]  JNI_CreateJavaVM+0x61
C  [java+0x317e]  JavaMain+0x7e


---------------  P R O C E S S  ---------------

Java Threads: ( => current thread )

Other Threads:

=>0x00007f0580007800 (exited) JavaThread "Unknown thread" [_thread_in_vm, id=10526, stack(0x00007f0588a46000,0x00007f0588b47000)]

VM state:not at safepoint (not fully initialized)

VM Mutex/Monitor currently owned by a thread: None

Dynamic libraries:
00400000-00409000 r-xp 00000000 07:00 358402                             /usr/lib/jvm/java-6-openjdk-amd64/jre/bin/java
00608000-00609000 r--p 00008000 07:00 358402                             /usr/lib/jvm/java-6-openjdk-amd64/jre/bin/java
00609000-0060a000 rw-p 00009000 07:00 358402                             /usr/lib/jvm/java-6-openjdk-amd64/jre/bin/java
00d25000-00d46000 rw-p 00000000 00:00 0                                  [heap]
779800000-77acc0000 rw-p 00000000 00:00 0 
77acc0000-783e00000 rw-p 00000000 00:00 0 
783e00000-7890c0000 rw-p 00000000 00:00 0 
7890c0000-7d6a00000 rw-p 00000000 00:00 0 
7d6a00000-7d9360000 rw-p 00000000 00:00 0 
7d9360000-800000000 rw-p 00000000 00:00 0 
7f0568000000-7f0568021000 rw-p 00000000 00:00 0 
7f0568021000-7f056c000000 ---p 00000000 00:00 0 
7f0570000000-7f0570021000 rw-p 00000000 00:00 0 
7f0570021000-7f0574000000 ---p 00000000 00:00 0 
7f0574000000-7f0574021000 rw-p 00000000 00:00 0 
7f0574021000-7f0578000000 ---p 00000000 00:00 0 
7f0578000000-7f0578021000 rw-p 00000000 00:00 0 
7f0578021000-7f057c000000 ---p 00000000 00:00 0 
7f057d000000-7f057d270000 rwxp 00000000 00:00 0 
7f057d270000-7f058007f000 rw-p 00000000 00:00 0 
7f058007f000-7f0584000000 ---p 00000000 00:00 0 
7f0584cd2000-7f0584d98000 r--s 0116f000 07:00 3590147                    /home/esimpson/android-sdks/platforms/android-17/android.jar
7f0584d98000-7f0584dc0000 rw-p 00000000 00:00 0 
7f0584dc0000-7f0584dc1000 ---p 00000000 00:00 0 
7f0584dc1000-7f0584ec1000 rw-p 00000000 00:00 0                          [stack:10530]
7f0584ec1000-7f0584ec2000 ---p 00000000 00:00 0 
7f0584ec2000-7f0584fc2000 rw-p 00000000 00:00 0                          [stack:10529]
7f0584fc2000-7f0584fc3000 ---p 00000000 00:00 0 
7f0584fc3000-7f05850c3000 rw-p 00000000 00:00 0                          [stack:10528]
7f05850c3000-7f05850c4000 ---p 00000000 00:00 0 
7f05850c4000-7f05851cf000 rw-p 00000000 00:00 0                          [stack:10527]
7f05851cf000-7f0585217000 rw-p 00000000 00:00 0 
7f0585217000-7f0585241000 rw-p 00000000 00:00 0 
7f0585241000-7f05854ad000 rw-p 00000000 00:00 0 
7f05854ad000-7f05854b8000 rw-p 00000000 00:00 0 
7f05854b8000-7f0585500000 rw-p 00000000 00:00 0 
7f0585500000-7f058552a000 rw-p 00000000 00:00 0 
7f058552a000-7f0585796000 rw-p 00000000 00:00 0 
7f0585796000-7f05857ab000 rw-p 00000000 00:00 0 
7f05857ab000-7f05858e1000 rw-p 00000000 00:00 0 
7f05858e1000-7f05858e2000 rw-p 00000000 00:00 0 
7f05858e2000-7f05858e9000 r-xp 00000000 07:00 355369                     /usr/lib/jvm/java-6-openjdk-amd64/jre/lib/amd64/libzip.so
7f05858e9000-7f0585ae8000 ---p 00007000 07:00 355369                     /usr/lib/jvm/java-6-openjdk-amd64/jre/lib/amd64/libzip.so
7f0585ae8000-7f0585ae9000 r--p 00006000 07:00 355369                     /usr/lib/jvm/java-6-openjdk-amd64/jre/lib/amd64/libzip.so
7f0585ae9000-7f0585aea000 rw-p 00007000 07:00 355369                     /usr/lib/jvm/java-6-openjdk-amd64/jre/lib/amd64/libzip.so
7f0585aea000-7f0585af6000 r-xp 00000000 07:00 1169428                    /lib/x86_64-linux-gnu/libnss_files-2.15.so
7f0585af6000-7f0585cf5000 ---p 0000c000 07:00 1169428                    /lib/x86_64-linux-gnu/libnss_files-2.15.so
7f0585cf5000-7f0585cf6000 r--p 0000b000 07:00 1169428                    /lib/x86_64-linux-gnu/libnss_files-2.15.so
7f0585cf6000-7f0585cf7000 rw-p 0000c000 07:00 1169428                    /lib/x86_64-linux-gnu/libnss_files-2.15.so
7f0585cf7000-7f0585d01000 r-xp 00000000 07:00 1169424                    /lib/x86_64-linux-gnu/libnss_nis-2.15.so
7f0585d01000-7f0585f01000 ---p 0000a000 07:00 1169424                    /lib/x86_64-linux-gnu/libnss_nis-2.15.so
7f0585f01000-7f0585f02000 r--p 0000a000 07:00 1169424                    /lib/x86_64-linux-gnu/libnss_nis-2.15.so
7f0585f02000-7f0585f03000 rw-p 0000b000 07:00 1169424                    /lib/x86_64-linux-gnu/libnss_nis-2.15.so
7f0585f03000-7f0585f1a000 r-xp 00000000 07:00 1169437                    /lib/x86_64-linux-gnu/libnsl-2.15.so
7f0585f1a000-7f0586119000 ---p 00017000 07:00 1169437                    /lib/x86_64-linux-gnu/libnsl-2.15.so
7f0586119000-7f058611a000 r--p 00016000 07:00 1169437                    /lib/x86_64-linux-gnu/libnsl-2.15.so
7f058611a000-7f058611b000 rw-p 00017000 07:00 1169437                    /lib/x86_64-linux-gnu/libnsl-2.15.so
7f058611b000-7f058611d000 rw-p 00000000 00:00 0 
7f058611d000-7f0586125000 r-xp 00000000 07:00 1169429                    /lib/x86_64-linux-gnu/libnss_compat-2.15.so
7f0586125000-7f0586324000 ---p 00008000 07:00 1169429                    /lib/x86_64-linux-gnu/libnss_compat-2.15.so
7f0586324000-7f0586325000 r--p 00007000 07:00 1169429                    /lib/x86_64-linux-gnu/libnss_compat-2.15.so
7f0586325000-7f0586326000 rw-p 00008000 07:00 1169429                    /lib/x86_64-linux-gnu/libnss_compat-2.15.so
7f0586326000-7f0586352000 r-xp 00000000 07:00 355357                     /usr/lib/jvm/java-6-openjdk-amd64/jre/lib/amd64/libjava.so
7f0586352000-7f0586551000 ---p 0002c000 07:00 355357                     /usr/lib/jvm/java-6-openjdk-amd64/jre/lib/amd64/libjava.so
7f0586551000-7f0586552000 r--p 0002b000 07:00 355357                     /usr/lib/jvm/java-6-openjdk-amd64/jre/lib/amd64/libjava.so
7f0586552000-7f0586555000 rw-p 0002c000 07:00 355357                     /usr/lib/jvm/java-6-openjdk-amd64/jre/lib/amd64/libjava.so
7f0586555000-7f0586563000 r-xp 00000000 07:00 355356                     /usr/lib/jvm/java-6-openjdk-amd64/jre/lib/amd64/libverify.so
7f0586563000-7f0586762000 ---p 0000e000 07:00 355356                     /usr/lib/jvm/java-6-openjdk-amd64/jre/lib/amd64/libverify.so
7f0586762000-7f0586764000 r--p 0000d000 07:00 355356                     /usr/lib/jvm/java-6-openjdk-amd64/jre/lib/amd64/libverify.so
7f0586764000-7f0586765000 rw-p 0000f000 07:00 355356                     /usr/lib/jvm/java-6-openjdk-amd64/jre/lib/amd64/libverify.so
7f0586765000-7f058676c000 r-xp 00000000 07:00 1169422                    /lib/x86_64-linux-gnu/librt-2.15.so
7f058676c000-7f058696b000 ---p 00007000 07:00 1169422                    /lib/x86_64-linux-gnu/librt-2.15.so
7f058696b000-7f058696c000 r--p 00006000 07:00 1169422                    /lib/x86_64-linux-gnu/librt-2.15.so
7f058696c000-7f058696d000 rw-p 00007000 07:00 1169422                    /lib/x86_64-linux-gnu/librt-2.15.so
7f058696d000-7f0586982000 r-xp 00000000 07:00 95252                      /lib/x86_64-linux-gnu/libgcc_s.so.1
7f0586982000-7f0586b81000 ---p 00015000 07:00 95252                      /lib/x86_64-linux-gnu/libgcc_s.so.1
7f0586b81000-7f0586b82000 r--p 00014000 07:00 95252                      /lib/x86_64-linux-gnu/libgcc_s.so.1
7f0586b82000-7f0586b83000 rw-p 00015000 07:00 95252                      /lib/x86_64-linux-gnu/libgcc_s.so.1
7f0586b83000-7f0586c7e000 r-xp 00000000 07:00 1169426                    /lib/x86_64-linux-gnu/libm-2.15.so
7f0586c7e000-7f0586e7d000 ---p 000fb000 07:00 1169426                    /lib/x86_64-linux-gnu/libm-2.15.so
7f0586e7d000-7f0586e7e000 r--p 000fa000 07:00 1169426                    /lib/x86_64-linux-gnu/libm-2.15.so
7f0586e7e000-7f0586e7f000 rw-p 000fb000 07:00 1169426                    /lib/x86_64-linux-gnu/libm-2.15.so
7f0586e7f000-7f0586f61000 r-xp 00000000 07:00 71449                      /usr/lib/x86_64-linux-gnu/libstdc++.so.6.0.16
7f0586f61000-7f0587160000 ---p 000e2000 07:00 71449                      /usr/lib/x86_64-linux-gnu/libstdc++.so.6.0.16
7f0587160000-7f0587168000 r--p 000e1000 07:00 71449                      /usr/lib/x86_64-linux-gnu/libstdc++.so.6.0.16
7f0587168000-7f058716a000 rw-p 000e9000 07:00 71449                      /usr/lib/x86_64-linux-gnu/libstdc++.so.6.0.16
7f058716a000-7f058717f000 rw-p 00000000 00:00 0 
7f058717f000-7f0587a84000 r-xp 00000000 07:00 356355                     /usr/lib/jvm/java-6-openjdk-amd64/jre/lib/amd64/server/libjvm.so
7f0587a84000-7f0587c84000 ---p 00905000 07:00 356355                     /usr/lib/jvm/java-6-openjdk-amd64/jre/lib/amd64/server/libjvm.so
7f0587c84000-7f0587d04000 r--p 00905000 07:00 356355                     /usr/lib/jvm/java-6-openjdk-amd64/jre/lib/amd64/server/libjvm.so
7f0587d04000-7f0587d1f000 rw-p 00985000 07:00 356355                     /usr/lib/jvm/java-6-openjdk-amd64/jre/lib/amd64/server/libjvm.so
7f0587d1f000-7f0587d48000 rw-p 00000000 00:00 0 
7f0587d48000-7f0587d5e000 r-xp 00000000 07:00 95320                      /lib/x86_64-linux-gnu/libz.so.1.2.3.4
7f0587d5e000-7f0587f5d000 ---p 00016000 07:00 95320                      /lib/x86_64-linux-gnu/libz.so.1.2.3.4
7f0587f5d000-7f0587f5e000 r--p 00015000 07:00 95320                      /lib/x86_64-linux-gnu/libz.so.1.2.3.4
7f0587f5e000-7f0587f5f000 rw-p 00016000 07:00 95320                      /lib/x86_64-linux-gnu/libz.so.1.2.3.4
7f0587f5f000-7f0588114000 r-xp 00000000 07:00 1169418                    /lib/x86_64-linux-gnu/libc-2.15.so
7f0588114000-7f0588313000 ---p 001b5000 07:00 1169418                    /lib/x86_64-linux-gnu/libc-2.15.so
7f0588313000-7f0588317000 r--p 001b4000 07:00 1169418                    /lib/x86_64-linux-gnu/libc-2.15.so
7f0588317000-7f0588319000 rw-p 001b8000 07:00 1169418                    /lib/x86_64-linux-gnu/libc-2.15.so
7f0588319000-7f058831e000 rw-p 00000000 00:00 0 
7f058831e000-7f0588320000 r-xp 00000000 07:00 1169417                    /lib/x86_64-linux-gnu/libdl-2.15.so
7f0588320000-7f0588520000 ---p 00002000 07:00 1169417                    /lib/x86_64-linux-gnu/libdl-2.15.so
7f0588520000-7f0588521000 r--p 00002000 07:00 1169417                    /lib/x86_64-linux-gnu/libdl-2.15.so
7f0588521000-7f0588522000 rw-p 00003000 07:00 1169417                    /lib/x86_64-linux-gnu/libdl-2.15.so
7f0588522000-7f0588526000 r-xp 00000000 07:00 355339                     /usr/lib/jvm/java-6-openjdk-amd64/jre/lib/amd64/jli/libjli.so
7f0588526000-7f0588725000 ---p 00004000 07:00 355339                     /usr/lib/jvm/java-6-openjdk-amd64/jre/lib/amd64/jli/libjli.so
7f0588725000-7f0588726000 r--p 00003000 07:00 355339                     /usr/lib/jvm/java-6-openjdk-amd64/jre/lib/amd64/jli/libjli.so
7f0588726000-7f0588727000 rw-p 00004000 07:00 355339                     /usr/lib/jvm/java-6-openjdk-amd64/jre/lib/amd64/jli/libjli.so
7f0588727000-7f058873f000 r-xp 00000000 07:00 1169420                    /lib/x86_64-linux-gnu/libpthread-2.15.so
7f058873f000-7f058893e000 ---p 00018000 07:00 1169420                    /lib/x86_64-linux-gnu/libpthread-2.15.so
7f058893e000-7f058893f000 r--p 00017000 07:00 1169420                    /lib/x86_64-linux-gnu/libpthread-2.15.so
7f058893f000-7f0588940000 rw-p 00018000 07:00 1169420                    /lib/x86_64-linux-gnu/libpthread-2.15.so
7f0588940000-7f0588944000 rw-p 00000000 00:00 0 
7f0588944000-7f0588966000 r-xp 00000000 07:00 1169432                    /lib/x86_64-linux-gnu/ld-2.15.so
7f0588986000-7f0588990000 rw-p 00000000 00:00 0 
7f0588990000-7f0588a46000 rw-p 00000000 00:00 0 
7f0588a46000-7f0588a49000 ---p 00000000 00:00 0 
7f0588a49000-7f0588b4c000 rw-p 00000000 00:00 0                          [stack:10526]
7f0588b5a000-7f0588b62000 rw-s 00000000 07:00 1319941                    /tmp/hsperfdata_esimpson/10520
7f0588b62000-7f0588b63000 rw-p 00000000 00:00 0 
7f0588b63000-7f0588b64000 r--p 00000000 00:00 0 
7f0588b64000-7f0588b66000 rw-p 00000000 00:00 0 
7f0588b66000-7f0588b67000 r--p 00022000 07:00 1169432                    /lib/x86_64-linux-gnu/ld-2.15.so
7f0588b67000-7f0588b69000 rw-p 00023000 07:00 1169432                    /lib/x86_64-linux-gnu/ld-2.15.so
7fffa9076000-7fffa9097000 rw-p 00000000 00:00 0                          [stack]
7fffa914c000-7fffa914d000 r-xp 00000000 00:00 0                          [vdso]
ffffffffff600000-ffffffffff601000 r-xp 00000000 00:00 0                  [vsyscall]

VM Arguments:
jvm_args: -Dfile.encoding=UTF-8 -Xbootclasspath:/home/esimpson/android-sdks/platforms/android-17/android.jar 
java_command: com.example.calendarapp.Event
Launcher Type: SUN_STANDARD

Environment Variables:
PATH=/usr/local/heroku/bin:/usr/lib/lightdm/lightdm:/usr/local/sbin:/usr/local/bin:/usr/sbin:/usr/bin:/sbin:/bin:/usr/games
LD_LIBRARY_PATH=/usr/lib/jvm/java-6-openjdk-amd64/jre/lib/amd64/server:/usr/lib/jvm/java-6-openjdk-amd64/jre/lib/amd64:/usr/lib/jvm/java-6-openjdk-amd64/jre/../lib/amd64
SHELL=/bin/bash
DISPLAY=:0.0

Signal Handlers:
SIGSEGV: [libjvm.so+0x785360], sa_mask[0]=0x7ffbfeff, sa_flags=0x10000004
SIGBUS: [libjvm.so+0x785360], sa_mask[0]=0x7ffbfeff, sa_flags=0x10000004
SIGFPE: [libjvm.so+0x648dc0], sa_mask[0]=0x7ffbfeff, sa_flags=0x10000004
SIGPIPE: [libjvm.so+0x648dc0], sa_mask[0]=0x7ffbfeff, sa_flags=0x10000004
SIGXFSZ: [libjvm.so+0x648dc0], sa_mask[0]=0x7ffbfeff, sa_flags=0x10000004
SIGILL: [libjvm.so+0x648dc0], sa_mask[0]=0x7ffbfeff, sa_flags=0x10000004
SIGUSR1: SIG_DFL, sa_mask[0]=0x00000000, sa_flags=0x00000000
SIGUSR2: [libjvm.so+0x648f70], sa_mask[0]=0x00000004, sa_flags=0x10000004
SIGHUP: SIG_DFL, sa_mask[0]=0x00000000, sa_flags=0x00000000
SIGINT: SIG_DFL, sa_mask[0]=0x00000000, sa_flags=0x00000000
SIGTERM: SIG_DFL, sa_mask[0]=0x00000000, sa_flags=0x00000000
SIGQUIT: SIG_DFL, sa_mask[0]=0x00000000, sa_flags=0x00000000


---------------  S Y S T E M  ---------------

OS:Ubuntu 12.04 (precise)
uname:Linux 3.5.0-27-generic #46~precise1-Ubuntu SMP Tue Mar 26 19:33:21 UTC 2013 x86_64
libc:glibc 2.15 NPTL 2.15 
rlimit: STACK 8192k, CORE 0k, NPROC 63394, NOFILE 4096, AS infinity
load average:1.02 0.75 0.76

/proc/meminfo:
MemTotal:        8133100 kB
MemFree:          723528 kB
Buffers:         2057800 kB
Cached:          2806080 kB
SwapCached:          568 kB
Active:          3695608 kB
Inactive:        3197612 kB
Active(anon):    1466088 kB
Inactive(anon):   570960 kB
Active(file):    2229520 kB
Inactive(file):  2626652 kB
Unevictable:        2992 kB
Mlocked:             316 kB
SwapTotal:        262140 kB
SwapFree:         260616 kB
Dirty:              3048 kB
Writeback:             0 kB
AnonPages:       2031896 kB
Mapped:           216628 kB
Shmem:              4980 kB
Slab:             319996 kB
SReclaimable:     254812 kB
SUnreclaim:        65184 kB
KernelStack:        4960 kB
PageTables:        52572 kB
NFS_Unstable:          0 kB
Bounce:                0 kB
WritebackTmp:          0 kB
CommitLimit:     4328688 kB
Committed_AS:    5736204 kB
VmallocTotal:   34359738367 kB
VmallocUsed:      128876 kB
VmallocChunk:   34359606268 kB
HardwareCorrupted:     0 kB
AnonHugePages:         0 kB
HugePages_Total:       0
HugePages_Free:        0
HugePages_Rsvd:        0
HugePages_Surp:        0
Hugepagesize:       2048 kB
DirectMap4k:     2414592 kB
DirectMap2M:     5933056 kB


CPU:total 4 (2 cores per cpu, 2 threads per core) family 6 model 42 stepping 7, cmov, cx8, fxsr, mmx, sse, sse2, sse3, ssse3, sse4.1, sse4.2, popcnt, ht

Memory: 4k page, physical 8133100k(723528k free), swap 262140k(260616k free)

vm_info: OpenJDK 64-Bit Server VM (20.0-b12) for linux-amd64 JRE (1.6.0_27-b27), built on Mar  5 2013 00:27:30 by "buildd" with gcc 4.6.3

time: Wed May  1 12:52:03 2013
elapsed time: 0 seconds

