#
# A fatal error has been detected by the Java Runtime Environment:
#
#  Internal Error (classFileParser.cpp:3494), pid=4252, tid=3064912704
#  Error: ShouldNotReachHere()
#
# JRE version: 6.0_27-b27
# Java VM: OpenJDK Client VM (20.0-b12 mixed mode linux-x86 )
# Derivative: IcedTea6 1.12.3
# Distribution: Ubuntu 12.04 LTS, package 6b27-1.12.3-0ubuntu1~12.04.1
# If you would like to submit a bug report, please include
# instructions how to reproduce the bug and visit:
#   https://bugs.launchpad.net/ubuntu/+source/openjdk-6/
#

---------------  T H R E A D  ---------------

Current thread (0xb6905400):  JavaThread "Unknown thread" [_thread_in_vm, id=4253, stack(0xb6a9d000,0xb6aee000)]

Stack: [0xb6a9d000,0xb6aee000]
[error occurred during error reporting (printing stack bounds), id 0xb]


[error occurred during error reporting (printing native stack), id 0xb]


---------------  P R O C E S S  ---------------

Java Threads: ( => current thread )

Other Threads:

=>0xb6905400 (exited) JavaThread "Unknown thread" [_thread_in_vm, id=4253, stack(0xb6a9d000,0xb6aee000)]

VM state:not at safepoint (not fully initialized)

VM Mutex/Monitor currently owned by a thread: None

Dynamic libraries:
08048000-08051000 r-xp 00000000 08:01 549485     /usr/lib/jvm/java-6-openjdk-i386/jre/bin/java
08051000-08052000 r--p 00008000 08:01 549485     /usr/lib/jvm/java-6-openjdk-i386/jre/bin/java
08052000-08053000 rw-p 00009000 08:01 549485     /usr/lib/jvm/java-6-openjdk-i386/jre/bin/java
0a051000-0a072000 rw-p 00000000 00:00 0          [heap]
905cd000-90693000 r--s 0116f000 08:01 459019     /home/evan/android-sdks/platforms/android-17/android.jar
90693000-9069a000 rw-p 00000000 00:00 0 
9069a000-906b4000 rw-p 00000000 00:00 0 
906b4000-906ba000 rw-p 00000000 00:00 0 
906ba000-9075f000 rw-p 00000000 00:00 0 
9075f000-90762000 rw-p 00000000 00:00 0 
90762000-907b4000 rw-p 00000000 00:00 0 
907b4000-907ba000 rw-p 00000000 00:00 0 
907ba000-9085f000 rw-p 00000000 00:00 0 
9085f000-90865000 rw-p 00000000 00:00 0 
90865000-9087f000 rw-p 00000000 00:00 0 
9087f000-90dd0000 rw-p 00000000 00:00 0 
90dd0000-9b320000 rw-p 00000000 00:00 0 
9b320000-9bdd0000 rw-p 00000000 00:00 0 
9bdd0000-b0880000 rw-p 00000000 00:00 0 
b0880000-b1480000 rw-p 00000000 00:00 0 
b1480000-b4880000 rw-p 00000000 00:00 0 
b4880000-b4881000 rw-p 00000000 00:00 0 
b4881000-b4900000 rw-p 00000000 00:00 0 
b4900000-b4930000 rwxp 00000000 00:00 0 
b4930000-b695e000 rw-p 00000000 00:00 0 
b695e000-b6a00000 ---p 00000000 00:00 0 
b6a1c000-b6a27000 r-xp 00000000 08:01 808761     /lib/i386-linux-gnu/libnss_files-2.15.so
b6a27000-b6a28000 r--p 0000a000 08:01 808761     /lib/i386-linux-gnu/libnss_files-2.15.so
b6a28000-b6a29000 rw-p 0000b000 08:01 808761     /lib/i386-linux-gnu/libnss_files-2.15.so
b6a29000-b6a33000 r-xp 00000000 08:01 808767     /lib/i386-linux-gnu/libnss_nis-2.15.so
b6a33000-b6a34000 r--p 00009000 08:01 808767     /lib/i386-linux-gnu/libnss_nis-2.15.so
b6a34000-b6a35000 rw-p 0000a000 08:01 808767     /lib/i386-linux-gnu/libnss_nis-2.15.so
b6a35000-b6a4b000 r-xp 00000000 08:01 808779     /lib/i386-linux-gnu/libnsl-2.15.so
b6a4b000-b6a4c000 r--p 00015000 08:01 808779     /lib/i386-linux-gnu/libnsl-2.15.so
b6a4c000-b6a4d000 rw-p 00016000 08:01 808779     /lib/i386-linux-gnu/libnsl-2.15.so
b6a4d000-b6a4f000 rw-p 00000000 00:00 0 
b6a4f000-b6a56000 r-xp 00000000 08:01 808758     /lib/i386-linux-gnu/libnss_compat-2.15.so
b6a56000-b6a57000 r--p 00006000 08:01 808758     /lib/i386-linux-gnu/libnss_compat-2.15.so
b6a57000-b6a58000 rw-p 00007000 08:01 808758     /lib/i386-linux-gnu/libnss_compat-2.15.so
b6a5a000-b6a61000 r-xp 00000000 08:01 531049     /usr/lib/jvm/java-6-openjdk-i386/jre/lib/i386/libzip.so
b6a61000-b6a62000 r--p 00006000 08:01 531049     /usr/lib/jvm/java-6-openjdk-i386/jre/lib/i386/libzip.so
b6a62000-b6a63000 rw-p 00007000 08:01 531049     /usr/lib/jvm/java-6-openjdk-i386/jre/lib/i386/libzip.so
b6a63000-b6a6b000 rw-s 00000000 08:01 260921     /tmp/hsperfdata_evan/4252
b6a6b000-b6a91000 r-xp 00000000 08:01 531048     /usr/lib/jvm/java-6-openjdk-i386/jre/lib/i386/libjava.so
b6a91000-b6a92000 r--p 00025000 08:01 531048     /usr/lib/jvm/java-6-openjdk-i386/jre/lib/i386/libjava.so
b6a92000-b6a94000 rw-p 00026000 08:01 531048     /usr/lib/jvm/java-6-openjdk-i386/jre/lib/i386/libjava.so
b6a94000-b6a9b000 r-xp 00000000 08:01 808766     /lib/i386-linux-gnu/librt-2.15.so
b6a9b000-b6a9c000 r--p 00006000 08:01 808766     /lib/i386-linux-gnu/librt-2.15.so
b6a9c000-b6a9d000 rw-p 00007000 08:01 808766     /lib/i386-linux-gnu/librt-2.15.so
b6a9d000-b6aa0000 ---p 00000000 00:00 0 
b6aa0000-b6aee000 rw-p 00000000 00:00 0 
b6aee000-b6b0a000 r-xp 00000000 08:01 782952     /lib/i386-linux-gnu/libgcc_s.so.1
b6b0a000-b6b0b000 r--p 0001b000 08:01 782952     /lib/i386-linux-gnu/libgcc_s.so.1
b6b0b000-b6b0c000 rw-p 0001c000 08:01 782952     /lib/i386-linux-gnu/libgcc_s.so.1
b6b0c000-b6b36000 r-xp 00000000 08:01 808770     /lib/i386-linux-gnu/libm-2.15.so
b6b36000-b6b37000 r--p 00029000 08:01 808770     /lib/i386-linux-gnu/libm-2.15.so
b6b37000-b6b38000 rw-p 0002a000 08:01 808770     /lib/i386-linux-gnu/libm-2.15.so
b6b38000-b6c10000 r-xp 00000000 08:01 137971     /usr/lib/i386-linux-gnu/libstdc++.so.6.0.16
b6c10000-b6c11000 ---p 000d8000 08:01 137971     /usr/lib/i386-linux-gnu/libstdc++.so.6.0.16
b6c11000-b6c15000 r--p 000d8000 08:01 137971     /usr/lib/i386-linux-gnu/libstdc++.so.6.0.16
b6c15000-b6c16000 rw-p 000dc000 08:01 137971     /usr/lib/i386-linux-gnu/libstdc++.so.6.0.16
b6c16000-b6c1d000 rw-p 00000000 00:00 0 
b6c1d000-b7131000 r-xp 00000000 08:01 531054     /usr/lib/jvm/java-6-openjdk-i386/jre/lib/i386/client/libjvm.so
b7131000-b7132000 ---p 00514000 08:01 531054     /usr/lib/jvm/java-6-openjdk-i386/jre/lib/i386/client/libjvm.so
b7132000-b7149000 r--p 00514000 08:01 531054     /usr/lib/jvm/java-6-openjdk-i386/jre/lib/i386/client/libjvm.so
b7149000-b7156000 rw-p 0052b000 08:01 531054     /usr/lib/jvm/java-6-openjdk-i386/jre/lib/i386/client/libjvm.so
b7156000-b7570000 rw-p 00000000 00:00 0 
b7570000-b7584000 r-xp 00000000 08:01 783042     /lib/i386-linux-gnu/libz.so.1.2.3.4
b7584000-b7585000 r--p 00013000 08:01 783042     /lib/i386-linux-gnu/libz.so.1.2.3.4
b7585000-b7586000 rw-p 00014000 08:01 783042     /lib/i386-linux-gnu/libz.so.1.2.3.4
b7586000-b7729000 r-xp 00000000 08:01 808756     /lib/i386-linux-gnu/libc-2.15.so
b7729000-b772a000 ---p 001a3000 08:01 808756     /lib/i386-linux-gnu/libc-2.15.so
b772a000-b772c000 r--p 001a3000 08:01 808756     /lib/i386-linux-gnu/libc-2.15.so
b772c000-b772d000 rw-p 001a5000 08:01 808756     /lib/i386-linux-gnu/libc-2.15.so
b772d000-b7730000 rw-p 00000000 00:00 0 
b7730000-b7733000 r-xp 00000000 08:01 808774     /lib/i386-linux-gnu/libdl-2.15.so
b7733000-b7734000 r--p 00002000 08:01 808774     /lib/i386-linux-gnu/libdl-2.15.so
b7734000-b7735000 rw-p 00003000 08:01 808774     /lib/i386-linux-gnu/libdl-2.15.so
b7735000-b7739000 r-xp 00000000 08:01 787761     /usr/lib/jvm/java-6-openjdk-i386/jre/lib/i386/jli/libjli.so
b7739000-b773a000 r--p 00003000 08:01 787761     /usr/lib/jvm/java-6-openjdk-i386/jre/lib/i386/jli/libjli.so
b773a000-b773b000 rw-p 00004000 08:01 787761     /usr/lib/jvm/java-6-openjdk-i386/jre/lib/i386/jli/libjli.so
b773b000-b773c000 rw-p 00000000 00:00 0 
b773c000-b7753000 r-xp 00000000 08:01 808768     /lib/i386-linux-gnu/libpthread-2.15.so
b7753000-b7754000 r--p 00016000 08:01 808768     /lib/i386-linux-gnu/libpthread-2.15.so
b7754000-b7755000 rw-p 00017000 08:01 808768     /lib/i386-linux-gnu/libpthread-2.15.so
b7755000-b7757000 rw-p 00000000 00:00 0 
b775a000-b775b000 rw-p 00000000 00:00 0 
b775b000-b775c000 r--p 00000000 00:00 0 
b775c000-b7767000 r-xp 00000000 08:01 532674     /usr/lib/jvm/java-6-openjdk-i386/jre/lib/i386/libverify.so
b7767000-b7768000 ---p 0000b000 08:01 532674     /usr/lib/jvm/java-6-openjdk-i386/jre/lib/i386/libverify.so
b7768000-b7769000 r--p 0000b000 08:01 532674     /usr/lib/jvm/java-6-openjdk-i386/jre/lib/i386/libverify.so
b7769000-b776a000 rw-p 0000c000 08:01 532674     /usr/lib/jvm/java-6-openjdk-i386/jre/lib/i386/libverify.so
b776a000-b776c000 rw-p 00000000 00:00 0 
b776c000-b776d000 r-xp 00000000 00:00 0          [vdso]
b776d000-b778d000 r-xp 00000000 08:01 808771     /lib/i386-linux-gnu/ld-2.15.so
b778d000-b778e000 r--p 0001f000 08:01 808771     /lib/i386-linux-gnu/ld-2.15.so
b778e000-b778f000 rw-p 00020000 08:01 808771     /lib/i386-linux-gnu/ld-2.15.so
bfbd7000-bfbf8000 rw-p 00000000 00:00 0          [stack]

VM Arguments:
jvm_args: -Dfile.encoding=UTF-8 -Xbootclasspath:/home/evan/android-sdks/platforms/android-17/android.jar 
java_command: com.example.datastoretest.MainActivity
Launcher Type: SUN_STANDARD

Environment Variables:
PATH=/home/evan/.rvm/gems/ruby-1.9.3-p362/bin:/home/evan/.rvm/gems/ruby-1.9.3-p362@global/bin:/home/evan/.rvm/rubies/ruby-1.9.3-p362/bin:/home/evan/.rvm/bin:/usr/lib/lightdm/lightdm:/usr/local/sbin:/usr/local/bin:/usr/sbin:/usr/bin:/sbin:/bin:/usr/games
LD_LIBRARY_PATH=/usr/lib/jvm/java-6-openjdk-i386/jre/lib/i386/client:/usr/lib/jvm/java-6-openjdk-i386/jre/lib/i386:/usr/lib/jvm/java-6-openjdk-i386/jre/../lib/i386:/usr/lib/jvm/java-6-openjdk-i386/jre/lib/i386/client:/usr/lib/jvm/java-6-openjdk-i386/jre/lib/i386:
SHELL=/bin/bash
DISPLAY=:0.0

Signal Handlers:
SIGSEGV: [libjvm.so+0x3e4760], sa_mask[0]=0x7ffbfeff, sa_flags=0x10000004
SIGBUS: [libjvm.so+0x3e4760], sa_mask[0]=0x7ffbfeff, sa_flags=0x10000004
SIGFPE: [libjvm.so+0x301730], sa_mask[0]=0x7ffbfeff, sa_flags=0x10000004
SIGPIPE: [libjvm.so+0x301730], sa_mask[0]=0x7ffbfeff, sa_flags=0x10000004
SIGXFSZ: [libjvm.so+0x301730], sa_mask[0]=0x7ffbfeff, sa_flags=0x10000004
SIGILL: [libjvm.so+0x301730], sa_mask[0]=0x7ffbfeff, sa_flags=0x10000004
SIGUSR1: SIG_DFL, sa_mask[0]=0x00000000, sa_flags=0x00000000
SIGUSR2: [libjvm.so+0x3015c0], sa_mask[0]=0x00000004, sa_flags=0x10000004
SIGHUP: SIG_DFL, sa_mask[0]=0x00000000, sa_flags=0x00000000
SIGINT: SIG_DFL, sa_mask[0]=0x00000000, sa_flags=0x00000000
SIGTERM: SIG_DFL, sa_mask[0]=0x00000000, sa_flags=0x00000000
SIGQUIT: SIG_DFL, sa_mask[0]=0x00000000, sa_flags=0x00000000


---------------  S Y S T E M  ---------------

OS:Ubuntu 12.04 (precise)
uname:Linux 3.2.0-38-generic-pae #61-Ubuntu SMP Tue Feb 19 12:39:51 UTC 2013 i686
libc:glibc 2.15 NPTL 2.15 
rlimit: STACK 8192k, CORE 0k, NPROC 23739, NOFILE 4096, AS infinity
load average:0.34 0.24 0.31

/proc/meminfo:
MemTotal:        3053272 kB
MemFree:          935252 kB
Buffers:          251888 kB
Cached:           849564 kB
SwapCached:            0 kB
Active:          1283020 kB
Inactive:         728112 kB
Active(anon):     910548 kB
Inactive(anon):    25396 kB
Active(file):     372472 kB
Inactive(file):   702716 kB
Unevictable:          16 kB
Mlocked:              16 kB
HighTotal:       2187208 kB
HighFree:         411776 kB
LowTotal:         866064 kB
LowFree:          523476 kB
SwapTotal:       3098620 kB
SwapFree:        3098620 kB
Dirty:               244 kB
Writeback:             0 kB
AnonPages:        909824 kB
Mapped:           176920 kB
Shmem:             26220 kB
Slab:              78656 kB
SReclaimable:      65296 kB
SUnreclaim:        13360 kB
KernelStack:        3632 kB
PageTables:        12920 kB
NFS_Unstable:          0 kB
Bounce:                0 kB
WritebackTmp:          0 kB
CommitLimit:     4625256 kB
Committed_AS:    3415164 kB
VmallocTotal:     122880 kB
VmallocUsed:       33208 kB
VmallocChunk:      88316 kB
HardwareCorrupted:     0 kB
AnonHugePages:         0 kB
HugePages_Total:       0
HugePages_Free:        0
HugePages_Rsvd:        0
HugePages_Surp:        0
Hugepagesize:       2048 kB
DirectMap4k:       10232 kB
DirectMap2M:      903168 kB


CPU:total 1 (1 cores per cpu, 1 threads per core) family 6 model 42 stepping 7, cmov, cx8, fxsr, mmx, sse, sse2, sse3, ssse3

Memory: 4k page, physical 3053272k(935252k free), swap 3098620k(3098620k free)

vm_info: OpenJDK Client VM (20.0-b12) for linux-x86 JRE (1.6.0_27-b27), built on Mar  5 2013 00:37:30 by "buildd" with gcc 4.6.3

time: Mon Apr 15 12:32:22 2013
elapsed time: 0 seconds

