#
# A fatal error has been detected by the Java Runtime Environment:
#
#  Internal Error (classFileParser.cpp:3494), pid=4519, tid=3064961856
#  Error: ShouldNotReachHere()
#
# JRE version: 6.0_27-b27
# Java VM: OpenJDK Client VM (20.0-b12 mixed mode linux-x86 )
# Derivative: IcedTea6 1.12.3
# Distribution: Ubuntu 12.04 LTS, package 6b27-1.12.3-0ubuntu1~12.04.1
# If you would like to submit a bug report, please include
# instructions how to reproduce the bug and visit:
#   https://bugs.launchpad.net/ubuntu/+source/openjdk-6/
#

---------------  T H R E A D  ---------------

Current thread (0xb6905400):  JavaThread "Unknown thread" [_thread_in_vm, id=4524, stack(0xb6aa9000,0xb6afa000)]

Stack: [0xb6aa9000,0xb6afa000]
[error occurred during error reporting (printing stack bounds), id 0xb]


[error occurred during error reporting (printing native stack), id 0xb]


---------------  P R O C E S S  ---------------

Java Threads: ( => current thread )

Other Threads:

=>0xb6905400 (exited) JavaThread "Unknown thread" [_thread_in_vm, id=4524, stack(0xb6aa9000,0xb6afa000)]

VM state:not at safepoint (not fully initialized)

VM Mutex/Monitor currently owned by a thread: None

Dynamic libraries:
08048000-08051000 r-xp 00000000 08:01 549485     /usr/lib/jvm/java-6-openjdk-i386/jre/bin/java
08051000-08052000 r--p 00008000 08:01 549485     /usr/lib/jvm/java-6-openjdk-i386/jre/bin/java
08052000-08053000 rw-p 00009000 08:01 549485     /usr/lib/jvm/java-6-openjdk-i386/jre/bin/java
09d17000-09d38000 rw-p 00000000 00:00 0          [heap]
905ee000-906b4000 r--s 0116f000 08:01 459019     /home/evan/android-sdks/platforms/android-17/android.jar
906b4000-906ba000 rw-p 00000000 00:00 0 
906ba000-9075f000 rw-p 00000000 00:00 0 
9075f000-90762000 rw-p 00000000 00:00 0 
90762000-907b4000 rw-p 00000000 00:00 0 
907b4000-907ba000 rw-p 00000000 00:00 0 
907ba000-9085f000 rw-p 00000000 00:00 0 
9085f000-90865000 rw-p 00000000 00:00 0 
90865000-9087f000 rw-p 00000000 00:00 0 
9087f000-90dd0000 rw-p 00000000 00:00 0 
90dd0000-9b320000 rw-p 00000000 00:00 0 
9b320000-9bdd0000 rw-p 00000000 00:00 0 
9bdd0000-b0880000 rw-p 00000000 00:00 0 
b0880000-b1480000 rw-p 00000000 00:00 0 
b1480000-b4880000 rw-p 00000000 00:00 0 
b4880000-b4881000 rw-p 00000000 00:00 0 
b4881000-b4900000 rw-p 00000000 00:00 0 
b4900000-b4930000 rwxp 00000000 00:00 0 
b4930000-b695e000 rw-p 00000000 00:00 0 
b695e000-b6a00000 ---p 00000000 00:00 0 
b6a07000-b6a0e000 rw-p 00000000 00:00 0 
b6a0e000-b6a28000 rw-p 00000000 00:00 0 
b6a28000-b6a33000 r-xp 00000000 08:01 808761     /lib/i386-linux-gnu/libnss_files-2.15.so
b6a33000-b6a34000 r--p 0000a000 08:01 808761     /lib/i386-linux-gnu/libnss_files-2.15.so
b6a34000-b6a35000 rw-p 0000b000 08:01 808761     /lib/i386-linux-gnu/libnss_files-2.15.so
b6a35000-b6a3f000 r-xp 00000000 08:01 808767     /lib/i386-linux-gnu/libnss_nis-2.15.so
b6a3f000-b6a40000 r--p 00009000 08:01 808767     /lib/i386-linux-gnu/libnss_nis-2.15.so
b6a40000-b6a41000 rw-p 0000a000 08:01 808767     /lib/i386-linux-gnu/libnss_nis-2.15.so
b6a41000-b6a57000 r-xp 00000000 08:01 808779     /lib/i386-linux-gnu/libnsl-2.15.so
b6a57000-b6a58000 r--p 00015000 08:01 808779     /lib/i386-linux-gnu/libnsl-2.15.so
b6a58000-b6a59000 rw-p 00016000 08:01 808779     /lib/i386-linux-gnu/libnsl-2.15.so
b6a59000-b6a5b000 rw-p 00000000 00:00 0 
b6a5b000-b6a62000 r-xp 00000000 08:01 808758     /lib/i386-linux-gnu/libnss_compat-2.15.so
b6a62000-b6a63000 r--p 00006000 08:01 808758     /lib/i386-linux-gnu/libnss_compat-2.15.so
b6a63000-b6a64000 rw-p 00007000 08:01 808758     /lib/i386-linux-gnu/libnss_compat-2.15.so
b6a66000-b6a6d000 r-xp 00000000 08:01 531049     /usr/lib/jvm/java-6-openjdk-i386/jre/lib/i386/libzip.so
b6a6d000-b6a6e000 r--p 00006000 08:01 531049     /usr/lib/jvm/java-6-openjdk-i386/jre/lib/i386/libzip.so
b6a6e000-b6a6f000 rw-p 00007000 08:01 531049     /usr/lib/jvm/java-6-openjdk-i386/jre/lib/i386/libzip.so
b6a6f000-b6a77000 rw-s 00000000 08:01 260921     /tmp/hsperfdata_evan/4519
b6a77000-b6a9d000 r-xp 00000000 08:01 531048     /usr/lib/jvm/java-6-openjdk-i386/jre/lib/i386/libjava.so
b6a9d000-b6a9e000 r--p 00025000 08:01 531048     /usr/lib/jvm/java-6-openjdk-i386/jre/lib/i386/libjava.so
b6a9e000-b6aa0000 rw-p 00026000 08:01 531048     /usr/lib/jvm/java-6-openjdk-i386/jre/lib/i386/libjava.so
b6aa0000-b6aa7000 r-xp 00000000 08:01 808766     /lib/i386-linux-gnu/librt-2.15.so
b6aa7000-b6aa8000 r--p 00006000 08:01 808766     /lib/i386-linux-gnu/librt-2.15.so
b6aa8000-b6aa9000 rw-p 00007000 08:01 808766     /lib/i386-linux-gnu/librt-2.15.so
b6aa9000-b6aac000 ---p 00000000 00:00 0 
b6aac000-b6afa000 rw-p 00000000 00:00 0 
b6afa000-b6b16000 r-xp 00000000 08:01 782952     /lib/i386-linux-gnu/libgcc_s.so.1
b6b16000-b6b17000 r--p 0001b000 08:01 782952     /lib/i386-linux-gnu/libgcc_s.so.1
b6b17000-b6b18000 rw-p 0001c000 08:01 782952     /lib/i386-linux-gnu/libgcc_s.so.1
b6b18000-b6b42000 r-xp 00000000 08:01 808770     /lib/i386-linux-gnu/libm-2.15.so
b6b42000-b6b43000 r--p 00029000 08:01 808770     /lib/i386-linux-gnu/libm-2.15.so
b6b43000-b6b44000 rw-p 0002a000 08:01 808770     /lib/i386-linux-gnu/libm-2.15.so
b6b44000-b6c1c000 r-xp 00000000 08:01 137971     /usr/lib/i386-linux-gnu/libstdc++.so.6.0.16
b6c1c000-b6c1d000 ---p 000d8000 08:01 137971     /usr/lib/i386-linux-gnu/libstdc++.so.6.0.16
b6c1d000-b6c21000 r--p 000d8000 08:01 137971     /usr/lib/i386-linux-gnu/libstdc++.so.6.0.16
b6c21000-b6c22000 rw-p 000dc000 08:01 137971     /usr/lib/i386-linux-gnu/libstdc++.so.6.0.16
b6c22000-b6c29000 rw-p 00000000 00:00 0 
b6c29000-b713d000 r-xp 00000000 08:01 531054     /usr/lib/jvm/java-6-openjdk-i386/jre/lib/i386/client/libjvm.so
b713d000-b713e000 ---p 00514000 08:01 531054     /usr/lib/jvm/java-6-openjdk-i386/jre/lib/i386/client/libjvm.so
b713e000-b7155000 r--p 00514000 08:01 531054     /usr/lib/jvm/java-6-openjdk-i386/jre/lib/i386/client/libjvm.so
b7155000-b7162000 rw-p 0052b000 08:01 531054     /usr/lib/jvm/java-6-openjdk-i386/jre/lib/i386/client/libjvm.so
b7162000-b757c000 rw-p 00000000 00:00 0 
b757c000-b7590000 r-xp 00000000 08:01 783042     /lib/i386-linux-gnu/libz.so.1.2.3.4
b7590000-b7591000 r--p 00013000 08:01 783042     /lib/i386-linux-gnu/libz.so.1.2.3.4
b7591000-b7592000 rw-p 00014000 08:01 783042     /lib/i386-linux-gnu/libz.so.1.2.3.4
b7592000-b7735000 r-xp 00000000 08:01 808756     /lib/i386-linux-gnu/libc-2.15.so
b7735000-b7736000 ---p 001a3000 08:01 808756     /lib/i386-linux-gnu/libc-2.15.so
b7736000-b7738000 r--p 001a3000 08:01 808756     /lib/i386-linux-gnu/libc-2.15.so
b7738000-b7739000 rw-p 001a5000 08:01 808756     /lib/i386-linux-gnu/libc-2.15.so
b7739000-b773c000 rw-p 00000000 00:00 0 
b773c000-b773f000 r-xp 00000000 08:01 808774     /lib/i386-linux-gnu/libdl-2.15.so
b773f000-b7740000 r--p 00002000 08:01 808774     /lib/i386-linux-gnu/libdl-2.15.so
b7740000-b7741000 rw-p 00003000 08:01 808774     /lib/i386-linux-gnu/libdl-2.15.so
b7741000-b7745000 r-xp 00000000 08:01 787761     /usr/lib/jvm/java-6-openjdk-i386/jre/lib/i386/jli/libjli.so
b7745000-b7746000 r--p 00003000 08:01 787761     /usr/lib/jvm/java-6-openjdk-i386/jre/lib/i386/jli/libjli.so
b7746000-b7747000 rw-p 00004000 08:01 787761     /usr/lib/jvm/java-6-openjdk-i386/jre/lib/i386/jli/libjli.so
b7747000-b7748000 rw-p 00000000 00:00 0 
b7748000-b775f000 r-xp 00000000 08:01 808768     /lib/i386-linux-gnu/libpthread-2.15.so
b775f000-b7760000 r--p 00016000 08:01 808768     /lib/i386-linux-gnu/libpthread-2.15.so
b7760000-b7761000 rw-p 00017000 08:01 808768     /lib/i386-linux-gnu/libpthread-2.15.so
b7761000-b7763000 rw-p 00000000 00:00 0 
b7766000-b7767000 rw-p 00000000 00:00 0 
b7767000-b7768000 r--p 00000000 00:00 0 
b7768000-b7773000 r-xp 00000000 08:01 532674     /usr/lib/jvm/java-6-openjdk-i386/jre/lib/i386/libverify.so
b7773000-b7774000 ---p 0000b000 08:01 532674     /usr/lib/jvm/java-6-openjdk-i386/jre/lib/i386/libverify.so
b7774000-b7775000 r--p 0000b000 08:01 532674     /usr/lib/jvm/java-6-openjdk-i386/jre/lib/i386/libverify.so
b7775000-b7776000 rw-p 0000c000 08:01 532674     /usr/lib/jvm/java-6-openjdk-i386/jre/lib/i386/libverify.so
b7776000-b7778000 rw-p 00000000 00:00 0 
b7778000-b7779000 r-xp 00000000 00:00 0          [vdso]
b7779000-b7799000 r-xp 00000000 08:01 808771     /lib/i386-linux-gnu/ld-2.15.so
b7799000-b779a000 r--p 0001f000 08:01 808771     /lib/i386-linux-gnu/ld-2.15.so
b779a000-b779b000 rw-p 00020000 08:01 808771     /lib/i386-linux-gnu/ld-2.15.so
bff8e000-bffaf000 rw-p 00000000 00:00 0          [stack]

VM Arguments:
jvm_args: -Dfile.encoding=UTF-8 -Xbootclasspath:/home/evan/android-sdks/platforms/android-17/android.jar 
java_command: com.example.datastoretest.MainActivity
Launcher Type: SUN_STANDARD

Environment Variables:
PATH=/home/evan/.rvm/gems/ruby-1.9.3-p362/bin:/home/evan/.rvm/gems/ruby-1.9.3-p362@global/bin:/home/evan/.rvm/rubies/ruby-1.9.3-p362/bin:/home/evan/.rvm/bin:/usr/lib/lightdm/lightdm:/usr/local/sbin:/usr/local/bin:/usr/sbin:/usr/bin:/sbin:/bin:/usr/games
LD_LIBRARY_PATH=/usr/lib/jvm/java-6-openjdk-i386/jre/lib/i386/client:/usr/lib/jvm/java-6-openjdk-i386/jre/lib/i386:/usr/lib/jvm/java-6-openjdk-i386/jre/../lib/i386:/usr/lib/jvm/java-6-openjdk-i386/jre/lib/i386/client:/usr/lib/jvm/java-6-openjdk-i386/jre/lib/i386:
SHELL=/bin/bash
DISPLAY=:0.0

Signal Handlers:
SIGSEGV: [libjvm.so+0x3e4760], sa_mask[0]=0x7ffbfeff, sa_flags=0x10000004
SIGBUS: [libjvm.so+0x3e4760], sa_mask[0]=0x7ffbfeff, sa_flags=0x10000004
SIGFPE: [libjvm.so+0x301730], sa_mask[0]=0x7ffbfeff, sa_flags=0x10000004
SIGPIPE: [libjvm.so+0x301730], sa_mask[0]=0x7ffbfeff, sa_flags=0x10000004
SIGXFSZ: [libjvm.so+0x301730], sa_mask[0]=0x7ffbfeff, sa_flags=0x10000004
SIGILL: [libjvm.so+0x301730], sa_mask[0]=0x7ffbfeff, sa_flags=0x10000004
SIGUSR1: SIG_DFL, sa_mask[0]=0x00000000, sa_flags=0x00000000
SIGUSR2: [libjvm.so+0x3015c0], sa_mask[0]=0x00000004, sa_flags=0x10000004
SIGHUP: SIG_DFL, sa_mask[0]=0x00000000, sa_flags=0x00000000
SIGINT: SIG_DFL, sa_mask[0]=0x00000000, sa_flags=0x00000000
SIGTERM: SIG_DFL, sa_mask[0]=0x00000000, sa_flags=0x00000000
SIGQUIT: SIG_DFL, sa_mask[0]=0x00000000, sa_flags=0x00000000


---------------  S Y S T E M  ---------------

OS:Ubuntu 12.04 (precise)
uname:Linux 3.2.0-38-generic-pae #61-Ubuntu SMP Tue Feb 19 12:39:51 UTC 2013 i686
libc:glibc 2.15 NPTL 2.15 
rlimit: STACK 8192k, CORE 0k, NPROC 23739, NOFILE 4096, AS infinity
load average:0.53 0.33 0.34

/proc/meminfo:
MemTotal:        3053272 kB
MemFree:          904860 kB
Buffers:          253916 kB
Cached:           870456 kB
SwapCached:            0 kB
Active:          1354776 kB
Inactive:         683496 kB
Active(anon):     914724 kB
Inactive(anon):    25396 kB
Active(file):     440052 kB
Inactive(file):   658100 kB
Unevictable:          16 kB
Mlocked:              16 kB
HighTotal:       2187208 kB
HighFree:         386604 kB
LowTotal:         866064 kB
LowFree:          518256 kB
SwapTotal:       3098620 kB
SwapFree:        3098620 kB
Dirty:               152 kB
Writeback:             0 kB
AnonPages:        913964 kB
Mapped:           175472 kB
Shmem:             26220 kB
Slab:              81944 kB
SReclaimable:      68580 kB
SUnreclaim:        13364 kB
KernelStack:        3624 kB
PageTables:        12920 kB
NFS_Unstable:          0 kB
Bounce:                0 kB
WritebackTmp:          0 kB
CommitLimit:     4625256 kB
Committed_AS:    3422564 kB
VmallocTotal:     122880 kB
VmallocUsed:       33208 kB
VmallocChunk:      88316 kB
HardwareCorrupted:     0 kB
AnonHugePages:         0 kB
HugePages_Total:       0
HugePages_Free:        0
HugePages_Rsvd:        0
HugePages_Surp:        0
Hugepagesize:       2048 kB
DirectMap4k:       10232 kB
DirectMap2M:      903168 kB


CPU:total 1 (1 cores per cpu, 1 threads per core) family 6 model 42 stepping 7, cmov, cx8, fxsr, mmx, sse, sse2, sse3, ssse3

Memory: 4k page, physical 3053272k(904860k free), swap 3098620k(3098620k free)

vm_info: OpenJDK Client VM (20.0-b12) for linux-x86 JRE (1.6.0_27-b27), built on Mar  5 2013 00:37:30 by "buildd" with gcc 4.6.3

time: Mon Apr 15 12:33:17 2013
elapsed time: 0 seconds

