#
# A fatal error has been detected by the Java Runtime Environment:
#
#  Internal Error (classFileParser.cpp:3494), pid=10410, tid=139987574114048
#  Error: ShouldNotReachHere()
#
# JRE version: 6.0_27-b27
# Java VM: OpenJDK 64-Bit Server VM (20.0-b12 mixed mode linux-amd64 compressed oops)
# Derivative: IcedTea6 1.12.3
# Distribution: Ubuntu 12.04 LTS, package 6b27-1.12.3-0ubuntu1~12.04.1
# If you would like to submit a bug report, please include
# instructions how to reproduce the bug and visit:
#   https://bugs.launchpad.net/ubuntu/+source/openjdk-6/
#

---------------  T H R E A D  ---------------

Current thread (0x00007f515c007800):  JavaThread "Unknown thread" [_thread_in_vm, id=10411, stack(0x00007f516590c000,0x00007f5165a0d000)]

Stack: [0x00007f516590c000,0x00007f5165a0d000],  sp=0x00007f5165a0b080,  free space=1020k
Native frames: (J=compiled Java code, j=interpreted, Vv=VM code, C=native code)
V  [libjvm.so+0x784725]  VMError::report(outputStream*)+0x1255
V  [libjvm.so+0x7849a9]  VMError::report_and_die()+0x169
V  [libjvm.so+0x3bb66a]  report_vm_error(char const*, int, char const*, char const*)+0x4a
V  [libjvm.so+0x351a05]  ClassFileParser::parseClassFile(symbolHandle, Handle, Handle, KlassHandle, GrowableArray<Handle>*, symbolHandle&, bool, Thread*)+0x1545
V  [libjvm.so+0x355c63]  ClassLoader::load_classfile(symbolHandle, Thread*)+0x1f3
V  [libjvm.so+0x71c8d4]  SystemDictionary::load_instance_class(symbolHandle, Handle, Thread*)+0x354
V  [libjvm.so+0x71afe0]  SystemDictionary::resolve_instance_class_or_null(symbolHandle, Handle, Handle, Thread*)+0x7c0
V  [libjvm.so+0x71cf63]  SystemDictionary::resolve_or_fail(symbolHandle, Handle, Handle, bool, Thread*)+0x33
V  [libjvm.so+0x71d044]  SystemDictionary::resolve_or_fail(symbolHandle, bool, Thread*)+0x14
V  [libjvm.so+0x71d0f0]  SystemDictionary::initialize_wk_klass(SystemDictionary::WKID, int, Thread*)+0xa0
V  [libjvm.so+0x71d159]  SystemDictionary::initialize_wk_klasses_until(SystemDictionary::WKID, SystemDictionary::WKID&, Thread*)+0x59
V  [libjvm.so+0x71d251]  SystemDictionary::initialize_preloaded_classes(Thread*)+0x71
V  [libjvm.so+0x760adf]  Universe::genesis(Thread*)+0x11f
V  [libjvm.so+0x76148f]  universe2_init()+0x1f
V  [libjvm.so+0x4746f5]  init_globals()+0x95
V  [libjvm.so+0x74b40a]  Threads::create_vm(JavaVMInitArgs*, bool*)+0x1ea
V  [libjvm.so+0x4ce551]  JNI_CreateJavaVM+0x61
C  [java+0x317e]  JavaMain+0x7e


---------------  P R O C E S S  ---------------

Java Threads: ( => current thread )

Other Threads:

=>0x00007f515c007800 (exited) JavaThread "Unknown thread" [_thread_in_vm, id=10411, stack(0x00007f516590c000,0x00007f5165a0d000)]

VM state:not at safepoint (not fully initialized)

VM Mutex/Monitor currently owned by a thread: None

Dynamic libraries:
00400000-00409000 r-xp 00000000 07:00 358402                             /usr/lib/jvm/java-6-openjdk-amd64/jre/bin/java
00608000-00609000 r--p 00008000 07:00 358402                             /usr/lib/jvm/java-6-openjdk-amd64/jre/bin/java
00609000-0060a000 rw-p 00009000 07:00 358402                             /usr/lib/jvm/java-6-openjdk-amd64/jre/bin/java
01d4b000-01d6c000 rw-p 00000000 00:00 0                                  [heap]
779800000-77acc0000 rw-p 00000000 00:00 0 
77acc0000-783e00000 rw-p 00000000 00:00 0 
783e00000-7890c0000 rw-p 00000000 00:00 0 
7890c0000-7d6a00000 rw-p 00000000 00:00 0 
7d6a00000-7d9360000 rw-p 00000000 00:00 0 
7d9360000-800000000 rw-p 00000000 00:00 0 
7f513c000000-7f513c021000 rw-p 00000000 00:00 0 
7f513c021000-7f5140000000 ---p 00000000 00:00 0 
7f5144000000-7f5144021000 rw-p 00000000 00:00 0 
7f5144021000-7f5148000000 ---p 00000000 00:00 0 
7f514c000000-7f514c021000 rw-p 00000000 00:00 0 
7f514c021000-7f5150000000 ---p 00000000 00:00 0 
7f5154000000-7f5154021000 rw-p 00000000 00:00 0 
7f5154021000-7f5158000000 ---p 00000000 00:00 0 
7f5159000000-7f5159270000 rwxp 00000000 00:00 0 
7f5159270000-7f515c07f000 rw-p 00000000 00:00 0 
7f515c07f000-7f5160000000 ---p 00000000 00:00 0 
7f5161b98000-7f5161c5e000 r--s 0116f000 07:00 3590147                    /home/esimpson/android-sdks/platforms/android-17/android.jar
7f5161c5e000-7f5161c86000 rw-p 00000000 00:00 0 
7f5161c86000-7f5161c87000 ---p 00000000 00:00 0 
7f5161c87000-7f5161d87000 rw-p 00000000 00:00 0                          [stack:10415]
7f5161d87000-7f5161d88000 ---p 00000000 00:00 0 
7f5161d88000-7f5161e88000 rw-p 00000000 00:00 0                          [stack:10414]
7f5161e88000-7f5161e89000 ---p 00000000 00:00 0 
7f5161e89000-7f5161f89000 rw-p 00000000 00:00 0                          [stack:10413]
7f5161f89000-7f5161f8a000 ---p 00000000 00:00 0 
7f5161f8a000-7f5162095000 rw-p 00000000 00:00 0                          [stack:10412]
7f5162095000-7f51620dd000 rw-p 00000000 00:00 0 
7f51620dd000-7f5162107000 rw-p 00000000 00:00 0 
7f5162107000-7f5162373000 rw-p 00000000 00:00 0 
7f5162373000-7f516237e000 rw-p 00000000 00:00 0 
7f516237e000-7f51623c6000 rw-p 00000000 00:00 0 
7f51623c6000-7f51623f0000 rw-p 00000000 00:00 0 
7f51623f0000-7f516265c000 rw-p 00000000 00:00 0 
7f516265c000-7f5162671000 rw-p 00000000 00:00 0 
7f5162671000-7f51627a7000 rw-p 00000000 00:00 0 
7f51627a7000-7f51627a8000 rw-p 00000000 00:00 0 
7f51627a8000-7f51627af000 r-xp 00000000 07:00 355369                     /usr/lib/jvm/java-6-openjdk-amd64/jre/lib/amd64/libzip.so
7f51627af000-7f51629ae000 ---p 00007000 07:00 355369                     /usr/lib/jvm/java-6-openjdk-amd64/jre/lib/amd64/libzip.so
7f51629ae000-7f51629af000 r--p 00006000 07:00 355369                     /usr/lib/jvm/java-6-openjdk-amd64/jre/lib/amd64/libzip.so
7f51629af000-7f51629b0000 rw-p 00007000 07:00 355369                     /usr/lib/jvm/java-6-openjdk-amd64/jre/lib/amd64/libzip.so
7f51629b0000-7f51629bc000 r-xp 00000000 07:00 1169428                    /lib/x86_64-linux-gnu/libnss_files-2.15.so
7f51629bc000-7f5162bbb000 ---p 0000c000 07:00 1169428                    /lib/x86_64-linux-gnu/libnss_files-2.15.so
7f5162bbb000-7f5162bbc000 r--p 0000b000 07:00 1169428                    /lib/x86_64-linux-gnu/libnss_files-2.15.so
7f5162bbc000-7f5162bbd000 rw-p 0000c000 07:00 1169428                    /lib/x86_64-linux-gnu/libnss_files-2.15.so
7f5162bbd000-7f5162bc7000 r-xp 00000000 07:00 1169424                    /lib/x86_64-linux-gnu/libnss_nis-2.15.so
7f5162bc7000-7f5162dc7000 ---p 0000a000 07:00 1169424                    /lib/x86_64-linux-gnu/libnss_nis-2.15.so
7f5162dc7000-7f5162dc8000 r--p 0000a000 07:00 1169424                    /lib/x86_64-linux-gnu/libnss_nis-2.15.so
7f5162dc8000-7f5162dc9000 rw-p 0000b000 07:00 1169424                    /lib/x86_64-linux-gnu/libnss_nis-2.15.so
7f5162dc9000-7f5162de0000 r-xp 00000000 07:00 1169437                    /lib/x86_64-linux-gnu/libnsl-2.15.so
7f5162de0000-7f5162fdf000 ---p 00017000 07:00 1169437                    /lib/x86_64-linux-gnu/libnsl-2.15.so
7f5162fdf000-7f5162fe0000 r--p 00016000 07:00 1169437                    /lib/x86_64-linux-gnu/libnsl-2.15.so
7f5162fe0000-7f5162fe1000 rw-p 00017000 07:00 1169437                    /lib/x86_64-linux-gnu/libnsl-2.15.so
7f5162fe1000-7f5162fe3000 rw-p 00000000 00:00 0 
7f5162fe3000-7f5162feb000 r-xp 00000000 07:00 1169429                    /lib/x86_64-linux-gnu/libnss_compat-2.15.so
7f5162feb000-7f51631ea000 ---p 00008000 07:00 1169429                    /lib/x86_64-linux-gnu/libnss_compat-2.15.so
7f51631ea000-7f51631eb000 r--p 00007000 07:00 1169429                    /lib/x86_64-linux-gnu/libnss_compat-2.15.so
7f51631eb000-7f51631ec000 rw-p 00008000 07:00 1169429                    /lib/x86_64-linux-gnu/libnss_compat-2.15.so
7f51631ec000-7f5163218000 r-xp 00000000 07:00 355357                     /usr/lib/jvm/java-6-openjdk-amd64/jre/lib/amd64/libjava.so
7f5163218000-7f5163417000 ---p 0002c000 07:00 355357                     /usr/lib/jvm/java-6-openjdk-amd64/jre/lib/amd64/libjava.so
7f5163417000-7f5163418000 r--p 0002b000 07:00 355357                     /usr/lib/jvm/java-6-openjdk-amd64/jre/lib/amd64/libjava.so
7f5163418000-7f516341b000 rw-p 0002c000 07:00 355357                     /usr/lib/jvm/java-6-openjdk-amd64/jre/lib/amd64/libjava.so
7f516341b000-7f5163429000 r-xp 00000000 07:00 355356                     /usr/lib/jvm/java-6-openjdk-amd64/jre/lib/amd64/libverify.so
7f5163429000-7f5163628000 ---p 0000e000 07:00 355356                     /usr/lib/jvm/java-6-openjdk-amd64/jre/lib/amd64/libverify.so
7f5163628000-7f516362a000 r--p 0000d000 07:00 355356                     /usr/lib/jvm/java-6-openjdk-amd64/jre/lib/amd64/libverify.so
7f516362a000-7f516362b000 rw-p 0000f000 07:00 355356                     /usr/lib/jvm/java-6-openjdk-amd64/jre/lib/amd64/libverify.so
7f516362b000-7f5163632000 r-xp 00000000 07:00 1169422                    /lib/x86_64-linux-gnu/librt-2.15.so
7f5163632000-7f5163831000 ---p 00007000 07:00 1169422                    /lib/x86_64-linux-gnu/librt-2.15.so
7f5163831000-7f5163832000 r--p 00006000 07:00 1169422                    /lib/x86_64-linux-gnu/librt-2.15.so
7f5163832000-7f5163833000 rw-p 00007000 07:00 1169422                    /lib/x86_64-linux-gnu/librt-2.15.so
7f5163833000-7f5163848000 r-xp 00000000 07:00 95252                      /lib/x86_64-linux-gnu/libgcc_s.so.1
7f5163848000-7f5163a47000 ---p 00015000 07:00 95252                      /lib/x86_64-linux-gnu/libgcc_s.so.1
7f5163a47000-7f5163a48000 r--p 00014000 07:00 95252                      /lib/x86_64-linux-gnu/libgcc_s.so.1
7f5163a48000-7f5163a49000 rw-p 00015000 07:00 95252                      /lib/x86_64-linux-gnu/libgcc_s.so.1
7f5163a49000-7f5163b44000 r-xp 00000000 07:00 1169426                    /lib/x86_64-linux-gnu/libm-2.15.so
7f5163b44000-7f5163d43000 ---p 000fb000 07:00 1169426                    /lib/x86_64-linux-gnu/libm-2.15.so
7f5163d43000-7f5163d44000 r--p 000fa000 07:00 1169426                    /lib/x86_64-linux-gnu/libm-2.15.so
7f5163d44000-7f5163d45000 rw-p 000fb000 07:00 1169426                    /lib/x86_64-linux-gnu/libm-2.15.so
7f5163d45000-7f5163e27000 r-xp 00000000 07:00 71449                      /usr/lib/x86_64-linux-gnu/libstdc++.so.6.0.16
7f5163e27000-7f5164026000 ---p 000e2000 07:00 71449                      /usr/lib/x86_64-linux-gnu/libstdc++.so.6.0.16
7f5164026000-7f516402e000 r--p 000e1000 07:00 71449                      /usr/lib/x86_64-linux-gnu/libstdc++.so.6.0.16
7f516402e000-7f5164030000 rw-p 000e9000 07:00 71449                      /usr/lib/x86_64-linux-gnu/libstdc++.so.6.0.16
7f5164030000-7f5164045000 rw-p 00000000 00:00 0 
7f5164045000-7f516494a000 r-xp 00000000 07:00 356355                     /usr/lib/jvm/java-6-openjdk-amd64/jre/lib/amd64/server/libjvm.so
7f516494a000-7f5164b4a000 ---p 00905000 07:00 356355                     /usr/lib/jvm/java-6-openjdk-amd64/jre/lib/amd64/server/libjvm.so
7f5164b4a000-7f5164bca000 r--p 00905000 07:00 356355                     /usr/lib/jvm/java-6-openjdk-amd64/jre/lib/amd64/server/libjvm.so
7f5164bca000-7f5164be5000 rw-p 00985000 07:00 356355                     /usr/lib/jvm/java-6-openjdk-amd64/jre/lib/amd64/server/libjvm.so
7f5164be5000-7f5164c0e000 rw-p 00000000 00:00 0 
7f5164c0e000-7f5164c24000 r-xp 00000000 07:00 95320                      /lib/x86_64-linux-gnu/libz.so.1.2.3.4
7f5164c24000-7f5164e23000 ---p 00016000 07:00 95320                      /lib/x86_64-linux-gnu/libz.so.1.2.3.4
7f5164e23000-7f5164e24000 r--p 00015000 07:00 95320                      /lib/x86_64-linux-gnu/libz.so.1.2.3.4
7f5164e24000-7f5164e25000 rw-p 00016000 07:00 95320                      /lib/x86_64-linux-gnu/libz.so.1.2.3.4
7f5164e25000-7f5164fda000 r-xp 00000000 07:00 1169418                    /lib/x86_64-linux-gnu/libc-2.15.so
7f5164fda000-7f51651d9000 ---p 001b5000 07:00 1169418                    /lib/x86_64-linux-gnu/libc-2.15.so
7f51651d9000-7f51651dd000 r--p 001b4000 07:00 1169418                    /lib/x86_64-linux-gnu/libc-2.15.so
7f51651dd000-7f51651df000 rw-p 001b8000 07:00 1169418                    /lib/x86_64-linux-gnu/libc-2.15.so
7f51651df000-7f51651e4000 rw-p 00000000 00:00 0 
7f51651e4000-7f51651e6000 r-xp 00000000 07:00 1169417                    /lib/x86_64-linux-gnu/libdl-2.15.so
7f51651e6000-7f51653e6000 ---p 00002000 07:00 1169417                    /lib/x86_64-linux-gnu/libdl-2.15.so
7f51653e6000-7f51653e7000 r--p 00002000 07:00 1169417                    /lib/x86_64-linux-gnu/libdl-2.15.so
7f51653e7000-7f51653e8000 rw-p 00003000 07:00 1169417                    /lib/x86_64-linux-gnu/libdl-2.15.so
7f51653e8000-7f51653ec000 r-xp 00000000 07:00 355339                     /usr/lib/jvm/java-6-openjdk-amd64/jre/lib/amd64/jli/libjli.so
7f51653ec000-7f51655eb000 ---p 00004000 07:00 355339                     /usr/lib/jvm/java-6-openjdk-amd64/jre/lib/amd64/jli/libjli.so
7f51655eb000-7f51655ec000 r--p 00003000 07:00 355339                     /usr/lib/jvm/java-6-openjdk-amd64/jre/lib/amd64/jli/libjli.so
7f51655ec000-7f51655ed000 rw-p 00004000 07:00 355339                     /usr/lib/jvm/java-6-openjdk-amd64/jre/lib/amd64/jli/libjli.so
7f51655ed000-7f5165605000 r-xp 00000000 07:00 1169420                    /lib/x86_64-linux-gnu/libpthread-2.15.so
7f5165605000-7f5165804000 ---p 00018000 07:00 1169420                    /lib/x86_64-linux-gnu/libpthread-2.15.so
7f5165804000-7f5165805000 r--p 00017000 07:00 1169420                    /lib/x86_64-linux-gnu/libpthread-2.15.so
7f5165805000-7f5165806000 rw-p 00018000 07:00 1169420                    /lib/x86_64-linux-gnu/libpthread-2.15.so
7f5165806000-7f516580a000 rw-p 00000000 00:00 0 
7f516580a000-7f516582c000 r-xp 00000000 07:00 1169432                    /lib/x86_64-linux-gnu/ld-2.15.so
7f516584c000-7f5165856000 rw-p 00000000 00:00 0 
7f5165856000-7f516590c000 rw-p 00000000 00:00 0 
7f516590c000-7f516590f000 ---p 00000000 00:00 0 
7f516590f000-7f5165a12000 rw-p 00000000 00:00 0                          [stack:10411]
7f5165a20000-7f5165a28000 rw-s 00000000 07:00 1319941                    /tmp/hsperfdata_esimpson/10410
7f5165a28000-7f5165a29000 rw-p 00000000 00:00 0 
7f5165a29000-7f5165a2a000 r--p 00000000 00:00 0 
7f5165a2a000-7f5165a2c000 rw-p 00000000 00:00 0 
7f5165a2c000-7f5165a2d000 r--p 00022000 07:00 1169432                    /lib/x86_64-linux-gnu/ld-2.15.so
7f5165a2d000-7f5165a2f000 rw-p 00023000 07:00 1169432                    /lib/x86_64-linux-gnu/ld-2.15.so
7fff4bab1000-7fff4bad2000 rw-p 00000000 00:00 0                          [stack]
7fff4bbe5000-7fff4bbe6000 r-xp 00000000 00:00 0                          [vdso]
ffffffffff600000-ffffffffff601000 r-xp 00000000 00:00 0                  [vsyscall]

VM Arguments:
jvm_args: -Dfile.encoding=UTF-8 -Xbootclasspath:/home/esimpson/android-sdks/platforms/android-17/android.jar 
java_command: com.example.calendarapp.Event
Launcher Type: SUN_STANDARD

Environment Variables:
PATH=/usr/local/heroku/bin:/usr/lib/lightdm/lightdm:/usr/local/sbin:/usr/local/bin:/usr/sbin:/usr/bin:/sbin:/bin:/usr/games
LD_LIBRARY_PATH=/usr/lib/jvm/java-6-openjdk-amd64/jre/lib/amd64/server:/usr/lib/jvm/java-6-openjdk-amd64/jre/lib/amd64:/usr/lib/jvm/java-6-openjdk-amd64/jre/../lib/amd64
SHELL=/bin/bash
DISPLAY=:0.0

Signal Handlers:
SIGSEGV: [libjvm.so+0x785360], sa_mask[0]=0x7ffbfeff, sa_flags=0x10000004
SIGBUS: [libjvm.so+0x785360], sa_mask[0]=0x7ffbfeff, sa_flags=0x10000004
SIGFPE: [libjvm.so+0x648dc0], sa_mask[0]=0x7ffbfeff, sa_flags=0x10000004
SIGPIPE: [libjvm.so+0x648dc0], sa_mask[0]=0x7ffbfeff, sa_flags=0x10000004
SIGXFSZ: [libjvm.so+0x648dc0], sa_mask[0]=0x7ffbfeff, sa_flags=0x10000004
SIGILL: [libjvm.so+0x648dc0], sa_mask[0]=0x7ffbfeff, sa_flags=0x10000004
SIGUSR1: SIG_DFL, sa_mask[0]=0x00000000, sa_flags=0x00000000
SIGUSR2: [libjvm.so+0x648f70], sa_mask[0]=0x00000004, sa_flags=0x10000004
SIGHUP: SIG_DFL, sa_mask[0]=0x00000000, sa_flags=0x00000000
SIGINT: SIG_DFL, sa_mask[0]=0x00000000, sa_flags=0x00000000
SIGTERM: SIG_DFL, sa_mask[0]=0x00000000, sa_flags=0x00000000
SIGQUIT: SIG_DFL, sa_mask[0]=0x00000000, sa_flags=0x00000000


---------------  S Y S T E M  ---------------

OS:Ubuntu 12.04 (precise)
uname:Linux 3.5.0-27-generic #46~precise1-Ubuntu SMP Tue Mar 26 19:33:21 UTC 2013 x86_64
libc:glibc 2.15 NPTL 2.15 
rlimit: STACK 8192k, CORE 0k, NPROC 63394, NOFILE 4096, AS infinity
load average:0.37 0.61 0.72

/proc/meminfo:
MemTotal:        8133100 kB
MemFree:          954308 kB
Buffers:         1987880 kB
Cached:          2734352 kB
SwapCached:          568 kB
Active:          3604424 kB
Inactive:        3064644 kB
Active(anon):    1384372 kB
Inactive(anon):   570968 kB
Active(file):    2220052 kB
Inactive(file):  2493676 kB
Unevictable:        2992 kB
Mlocked:             316 kB
SwapTotal:        262140 kB
SwapFree:         260616 kB
Dirty:               372 kB
Writeback:             0 kB
AnonPages:       1950472 kB
Mapped:           217884 kB
Shmem:              4980 kB
Slab:             314368 kB
SReclaimable:     249184 kB
SUnreclaim:        65184 kB
KernelStack:        4920 kB
PageTables:        51712 kB
NFS_Unstable:          0 kB
Bounce:                0 kB
WritebackTmp:          0 kB
CommitLimit:     4328688 kB
Committed_AS:    5652624 kB
VmallocTotal:   34359738367 kB
VmallocUsed:      128876 kB
VmallocChunk:   34359606268 kB
HardwareCorrupted:     0 kB
AnonHugePages:         0 kB
HugePages_Total:       0
HugePages_Free:        0
HugePages_Rsvd:        0
HugePages_Surp:        0
Hugepagesize:       2048 kB
DirectMap4k:     2414592 kB
DirectMap2M:     5933056 kB


CPU:total 4 (2 cores per cpu, 2 threads per core) family 6 model 42 stepping 7, cmov, cx8, fxsr, mmx, sse, sse2, sse3, ssse3, sse4.1, sse4.2, popcnt, ht

Memory: 4k page, physical 8133100k(954308k free), swap 262140k(260616k free)

vm_info: OpenJDK 64-Bit Server VM (20.0-b12) for linux-amd64 JRE (1.6.0_27-b27), built on Mar  5 2013 00:27:30 by "buildd" with gcc 4.6.3

time: Wed May  1 12:51:48 2013
elapsed time: 0 seconds

